<?xml version="1.0" encoding="UTF-8"?>
<!-- Generated by org.testng.reporters.JUnitReportReporter -->
<testsuite hostname="MONO-HYD-LAP-12" name="samplePackage.TC005_Get_Resquest_Validating_JsonResponse" tests="1" failures="0" timestamp="21 Sep 2019 14:07:11 GMT" time="3.406" errors="0">
  <testcase name="getWeatherDetails" time="3.406" classname="samplePackage.TC005_Get_Resquest_Validating_JsonResponse"/>
</testsuite> <!-- samplePackage.TC005_Get_Resquest_Validating_JsonResponse -->
