<?xml version="1.0" encoding="UTF-8"?>
<!-- Generated by org.testng.reporters.JUnitReportReporter -->
<testsuite hostname="MONO-HYD-LAP-12" name="dataDrivenTesting.DemoClass" tests="1" failures="0" timestamp="22 Sep 2019 11:43:36 GMT" time="2.130" errors="0">
  <testcase name="f" time="2.130" classname="dataDrivenTesting.DemoClass"/>
</testsuite> <!-- dataDrivenTesting.DemoClass -->
