<?xml version="1.0" encoding="UTF-8"?>
<!-- Generated by org.testng.reporters.JUnitReportReporter -->
<testsuite hostname="MONO-HYD-LAP-12" name="samplePackage.TC001_Get_Resquest" tests="1" failures="0" timestamp="18 Sep 2019 17:50:11 GMT" time="2.046" errors="0">
  <testcase name="getWeatherDetails" time="2.046" classname="samplePackage.TC001_Get_Resquest"/>
</testsuite> <!-- samplePackage.TC001_Get_Resquest -->
