<?xml version="1.0" encoding="UTF-8"?>
<!-- Generated by org.testng.reporters.JUnitReportReporter -->
<testsuite hostname="MONO-HYD-LAP-12" name="testClasses.TC002_Get_Single_Employees_Record" tests="8" failures="0" timestamp="22 Sep 2019 13:25:50 GMT" time="0.086" errors="0">
  <testcase name="responseTime" time="0.005" classname="testClasses.TC002_Get_Single_Employees_Record"/>
  <testcase name="checkStatusCode" time="0.002" classname="testClasses.TC002_Get_Single_Employees_Record"/>
  <testcase name="checkContentEncoding" time="0.000" classname="testClasses.TC002_Get_Single_Employees_Record"/>
  <testcase name="checkServerType" time="0.005" classname="testClasses.TC002_Get_Single_Employees_Record"/>
  <testcase name="cookies" time="0.002" classname="testClasses.TC002_Get_Single_Employees_Record"/>
  <testcase name="checkResponseBody" time="0.062" classname="testClasses.TC002_Get_Single_Employees_Record"/>
  <testcase name="checkStatusLine" time="0.005" classname="testClasses.TC002_Get_Single_Employees_Record"/>
  <testcase name="checkContentType" time="0.005" classname="testClasses.TC002_Get_Single_Employees_Record"/>
</testsuite> <!-- testClasses.TC002_Get_Single_Employees_Record -->
