<?xml version="1.0" encoding="UTF-8"?>
<!-- Generated by org.testng.reporters.JUnitReportReporter -->
<testsuite hostname="MONO-HYD-LAP-12" name="samplePackage.TC007_Get_Request_Autherization" tests="1" failures="0" timestamp="21 Sep 2019 14:31:13 GMT" time="2.115" errors="0">
  <testcase name="authorization" time="2.115" classname="samplePackage.TC007_Get_Request_Autherization"/>
</testsuite> <!-- samplePackage.TC007_Get_Request_Autherization -->
