<?xml version="1.0" encoding="UTF-8"?>
<!-- Generated by org.testng.reporters.JUnitReportReporter -->
<testsuite hostname="MONO-HYD-LAP-12" name="samplePackage.TC002_Post_Resquest" tests="1" failures="0" timestamp="21 Sep 2019 05:37:33 GMT" time="3.139" errors="0">
  <testcase name="registration" time="3.139" classname="samplePackage.TC002_Post_Resquest"/>
</testsuite> <!-- samplePackage.TC002_Post_Resquest -->
