<?xml version="1.0" encoding="UTF-8"?>
<!-- Generated by org.testng.reporters.JUnitReportReporter -->
<testsuite hostname="MONO-HYD-LAP-12" name="testClasses.TC004_PUT_EmployeeRecord" tests="5" failures="0" timestamp="22 Sep 2019 14:54:49 GMT" time="0.028" errors="0">
  <testcase name="checkResponseBody" time="0.016" classname="testClasses.TC004_PUT_EmployeeRecord"/>
  <testcase name="checkContentType" time="0.000" classname="testClasses.TC004_PUT_EmployeeRecord"/>
  <testcase name="checkServerType" time="0.000" classname="testClasses.TC004_PUT_EmployeeRecord"/>
  <testcase name="checkStatusCode" time="0.004" classname="testClasses.TC004_PUT_EmployeeRecord"/>
  <testcase name="checkStatusLine" time="0.008" classname="testClasses.TC004_PUT_EmployeeRecord"/>
</testsuite> <!-- testClasses.TC004_PUT_EmployeeRecord -->
